WARNING:2023-04-05 10:11:21,358:app:Starting the db connection to display character's details 
INFO:2023-04-05 10:11:21,488:app:Displayed Character's details
INFO:2023-04-05 10:11:21,488:app:Displayed Character's details
WARNING:2023-04-05 10:11:21,489:app:Hence displayed details, closing the connection
WARNING:2023-04-05 10:11:21,489:app:Hence displayed details, closing the connection
WARNING:2023-04-05 10:11:21,489:app:Hence displayed details, closing the connection
WARNING:2023-04-05 10:12:16,726:app:Starting the db connection to add clan
WARNING:2023-04-05 10:12:16,726:app:Starting the db connection to add clan
WARNING:2023-04-05 10:12:16,726:app:Starting the db connection to add clan
WARNING:2023-04-05 10:12:16,726:app:Starting the db connection to add clan
INFO:2023-04-05 10:12:16,913:app:Character's clan details added: {'clan': 'Leaf Village'}
INFO:2023-04-05 10:12:16,913:app:Character's clan details added: {'clan': 'Leaf Village'}
INFO:2023-04-05 10:12:16,913:app:Character's clan details added: {'clan': 'Leaf Village'}
INFO:2023-04-05 10:12:16,913:app:Character's clan details added: {'clan': 'Leaf Village'}
INFO:2023-04-05 10:12:16,913:app:Character's clan details added: {'clan': 'Leaf Village'}
WARNING:2023-04-05 10:12:16,913:app:Hence Character clan details added, closing the connection
WARNING:2023-04-05 10:12:16,913:app:Hence Character clan details added, closing the connection
WARNING:2023-04-05 10:12:16,913:app:Hence Character clan details added, closing the connection
WARNING:2023-04-05 10:12:16,913:app:Hence Character clan details added, closing the connection
WARNING:2023-04-05 10:12:16,913:app:Hence Character clan details added, closing the connection
WARNING:2023-04-05 10:12:16,913:app:Hence Character clan details added, closing the connection
WARNING:2023-04-05 10:12:35,626:app:Starting the db connection to add clan
WARNING:2023-04-05 10:12:35,626:app:Starting the db connection to add clan
WARNING:2023-04-05 10:12:35,626:app:Starting the db connection to add clan
WARNING:2023-04-05 10:12:35,626:app:Starting the db connection to add clan
WARNING:2023-04-05 10:12:35,626:app:Starting the db connection to add clan
WARNING:2023-04-05 10:12:35,626:app:Starting the db connection to add clan
WARNING:2023-04-05 10:12:35,626:app:Starting the db connection to add clan
INFO:2023-04-05 10:12:35,810:app:Character's clan details added: {'clan': 'Sand Village'}
INFO:2023-04-05 10:12:35,810:app:Character's clan details added: {'clan': 'Sand Village'}
INFO:2023-04-05 10:12:35,810:app:Character's clan details added: {'clan': 'Sand Village'}
INFO:2023-04-05 10:12:35,810:app:Character's clan details added: {'clan': 'Sand Village'}
INFO:2023-04-05 10:12:35,810:app:Character's clan details added: {'clan': 'Sand Village'}
INFO:2023-04-05 10:12:35,810:app:Character's clan details added: {'clan': 'Sand Village'}
INFO:2023-04-05 10:12:35,810:app:Character's clan details added: {'clan': 'Sand Village'}
INFO:2023-04-05 10:12:35,810:app:Character's clan details added: {'clan': 'Sand Village'}
WARNING:2023-04-05 10:12:35,810:app:Hence Character clan details added, closing the connection
WARNING:2023-04-05 10:12:35,810:app:Hence Character clan details added, closing the connection
WARNING:2023-04-05 10:12:35,810:app:Hence Character clan details added, closing the connection
WARNING:2023-04-05 10:12:35,810:app:Hence Character clan details added, closing the connection
WARNING:2023-04-05 10:12:35,810:app:Hence Character clan details added, closing the connection
WARNING:2023-04-05 10:12:35,810:app:Hence Character clan details added, closing the connection
WARNING:2023-04-05 10:12:35,810:app:Hence Character clan details added, closing the connection
WARNING:2023-04-05 10:12:35,810:app:Hence Character clan details added, closing the connection
WARNING:2023-04-05 10:12:35,810:app:Hence Character clan details added, closing the connection
WARNING:2023-04-05 10:12:43,258:app:Starting the db connection to add clan
WARNING:2023-04-05 10:12:43,258:app:Starting the db connection to add clan
WARNING:2023-04-05 10:12:43,258:app:Starting the db connection to add clan
WARNING:2023-04-05 10:12:43,258:app:Starting the db connection to add clan
WARNING:2023-04-05 10:12:43,258:app:Starting the db connection to add clan
WARNING:2023-04-05 10:12:43,258:app:Starting the db connection to add clan
WARNING:2023-04-05 10:12:43,258:app:Starting the db connection to add clan
WARNING:2023-04-05 10:12:43,258:app:Starting the db connection to add clan
WARNING:2023-04-05 10:12:43,258:app:Starting the db connection to add clan
WARNING:2023-04-05 10:12:43,258:app:Starting the db connection to add clan
INFO:2023-04-05 10:12:43,793:app:Character's clan details added: {'clan': 'Water Village'}
INFO:2023-04-05 10:12:43,793:app:Character's clan details added: {'clan': 'Water Village'}
INFO:2023-04-05 10:12:43,793:app:Character's clan details added: {'clan': 'Water Village'}
INFO:2023-04-05 10:12:43,793:app:Character's clan details added: {'clan': 'Water Village'}
INFO:2023-04-05 10:12:43,793:app:Character's clan details added: {'clan': 'Water Village'}
INFO:2023-04-05 10:12:43,793:app:Character's clan details added: {'clan': 'Water Village'}
INFO:2023-04-05 10:12:43,793:app:Character's clan details added: {'clan': 'Water Village'}
INFO:2023-04-05 10:12:43,793:app:Character's clan details added: {'clan': 'Water Village'}
INFO:2023-04-05 10:12:43,793:app:Character's clan details added: {'clan': 'Water Village'}
INFO:2023-04-05 10:12:43,793:app:Character's clan details added: {'clan': 'Water Village'}
INFO:2023-04-05 10:12:43,793:app:Character's clan details added: {'clan': 'Water Village'}
WARNING:2023-04-05 10:12:43,794:app:Hence Character clan details added, closing the connection
WARNING:2023-04-05 10:12:43,794:app:Hence Character clan details added, closing the connection
WARNING:2023-04-05 10:12:43,794:app:Hence Character clan details added, closing the connection
WARNING:2023-04-05 10:12:43,794:app:Hence Character clan details added, closing the connection
WARNING:2023-04-05 10:12:43,794:app:Hence Character clan details added, closing the connection
WARNING:2023-04-05 10:12:43,794:app:Hence Character clan details added, closing the connection
WARNING:2023-04-05 10:12:43,794:app:Hence Character clan details added, closing the connection
WARNING:2023-04-05 10:12:43,794:app:Hence Character clan details added, closing the connection
WARNING:2023-04-05 10:12:43,794:app:Hence Character clan details added, closing the connection
WARNING:2023-04-05 10:12:43,794:app:Hence Character clan details added, closing the connection
WARNING:2023-04-05 10:12:43,794:app:Hence Character clan details added, closing the connection
WARNING:2023-04-05 10:12:43,794:app:Hence Character clan details added, closing the connection
WARNING:2023-04-05 10:12:50,655:app:Starting the db connection to add clan
WARNING:2023-04-05 10:12:50,655:app:Starting the db connection to add clan
WARNING:2023-04-05 10:12:50,655:app:Starting the db connection to add clan
WARNING:2023-04-05 10:12:50,655:app:Starting the db connection to add clan
WARNING:2023-04-05 10:12:50,655:app:Starting the db connection to add clan
WARNING:2023-04-05 10:12:50,655:app:Starting the db connection to add clan
WARNING:2023-04-05 10:12:50,655:app:Starting the db connection to add clan
WARNING:2023-04-05 10:12:50,655:app:Starting the db connection to add clan
WARNING:2023-04-05 10:12:50,655:app:Starting the db connection to add clan
WARNING:2023-04-05 10:12:50,655:app:Starting the db connection to add clan
WARNING:2023-04-05 10:12:50,655:app:Starting the db connection to add clan
WARNING:2023-04-05 10:12:50,655:app:Starting the db connection to add clan
WARNING:2023-04-05 10:12:50,655:app:Starting the db connection to add clan
INFO:2023-04-05 10:12:50,834:app:Character's clan details added: {'clan': 'Forger'}
INFO:2023-04-05 10:12:50,834:app:Character's clan details added: {'clan': 'Forger'}
INFO:2023-04-05 10:12:50,834:app:Character's clan details added: {'clan': 'Forger'}
INFO:2023-04-05 10:12:50,834:app:Character's clan details added: {'clan': 'Forger'}
INFO:2023-04-05 10:12:50,834:app:Character's clan details added: {'clan': 'Forger'}
INFO:2023-04-05 10:12:50,834:app:Character's clan details added: {'clan': 'Forger'}
INFO:2023-04-05 10:12:50,834:app:Character's clan details added: {'clan': 'Forger'}
INFO:2023-04-05 10:12:50,834:app:Character's clan details added: {'clan': 'Forger'}
INFO:2023-04-05 10:12:50,834:app:Character's clan details added: {'clan': 'Forger'}
INFO:2023-04-05 10:12:50,834:app:Character's clan details added: {'clan': 'Forger'}
INFO:2023-04-05 10:12:50,834:app:Character's clan details added: {'clan': 'Forger'}
INFO:2023-04-05 10:12:50,834:app:Character's clan details added: {'clan': 'Forger'}
INFO:2023-04-05 10:12:50,834:app:Character's clan details added: {'clan': 'Forger'}
INFO:2023-04-05 10:12:50,834:app:Character's clan details added: {'clan': 'Forger'}
WARNING:2023-04-05 10:12:50,835:app:Hence Character clan details added, closing the connection
WARNING:2023-04-05 10:12:50,835:app:Hence Character clan details added, closing the connection
WARNING:2023-04-05 10:12:50,835:app:Hence Character clan details added, closing the connection
WARNING:2023-04-05 10:12:50,835:app:Hence Character clan details added, closing the connection
WARNING:2023-04-05 10:12:50,835:app:Hence Character clan details added, closing the connection
WARNING:2023-04-05 10:12:50,835:app:Hence Character clan details added, closing the connection
WARNING:2023-04-05 10:12:50,835:app:Hence Character clan details added, closing the connection
WARNING:2023-04-05 10:12:50,835:app:Hence Character clan details added, closing the connection
WARNING:2023-04-05 10:12:50,835:app:Hence Character clan details added, closing the connection
WARNING:2023-04-05 10:12:50,835:app:Hence Character clan details added, closing the connection
WARNING:2023-04-05 10:12:50,835:app:Hence Character clan details added, closing the connection
WARNING:2023-04-05 10:12:50,835:app:Hence Character clan details added, closing the connection
WARNING:2023-04-05 10:12:50,835:app:Hence Character clan details added, closing the connection
WARNING:2023-04-05 10:12:50,835:app:Hence Character clan details added, closing the connection
WARNING:2023-04-05 10:12:50,835:app:Hence Character clan details added, closing the connection
WARNING:2023-04-05 10:12:59,167:app:Starting the db connection to add clan
WARNING:2023-04-05 10:12:59,167:app:Starting the db connection to add clan
WARNING:2023-04-05 10:12:59,167:app:Starting the db connection to add clan
WARNING:2023-04-05 10:12:59,167:app:Starting the db connection to add clan
WARNING:2023-04-05 10:12:59,167:app:Starting the db connection to add clan
WARNING:2023-04-05 10:12:59,167:app:Starting the db connection to add clan
WARNING:2023-04-05 10:12:59,167:app:Starting the db connection to add clan
WARNING:2023-04-05 10:12:59,167:app:Starting the db connection to add clan
WARNING:2023-04-05 10:12:59,167:app:Starting the db connection to add clan
WARNING:2023-04-05 10:12:59,167:app:Starting the db connection to add clan
WARNING:2023-04-05 10:12:59,167:app:Starting the db connection to add clan
WARNING:2023-04-05 10:12:59,167:app:Starting the db connection to add clan
WARNING:2023-04-05 10:12:59,167:app:Starting the db connection to add clan
WARNING:2023-04-05 10:12:59,167:app:Starting the db connection to add clan
WARNING:2023-04-05 10:12:59,167:app:Starting the db connection to add clan
WARNING:2023-04-05 10:12:59,167:app:Starting the db connection to add clan
INFO:2023-04-05 10:12:59,344:app:Character's clan details added: {'clan': 'Sand Village'}
INFO:2023-04-05 10:12:59,344:app:Character's clan details added: {'clan': 'Sand Village'}
INFO:2023-04-05 10:12:59,344:app:Character's clan details added: {'clan': 'Sand Village'}
INFO:2023-04-05 10:12:59,344:app:Character's clan details added: {'clan': 'Sand Village'}
INFO:2023-04-05 10:12:59,344:app:Character's clan details added: {'clan': 'Sand Village'}
INFO:2023-04-05 10:12:59,344:app:Character's clan details added: {'clan': 'Sand Village'}
INFO:2023-04-05 10:12:59,344:app:Character's clan details added: {'clan': 'Sand Village'}
INFO:2023-04-05 10:12:59,344:app:Character's clan details added: {'clan': 'Sand Village'}
INFO:2023-04-05 10:12:59,344:app:Character's clan details added: {'clan': 'Sand Village'}
INFO:2023-04-05 10:12:59,344:app:Character's clan details added: {'clan': 'Sand Village'}
INFO:2023-04-05 10:12:59,344:app:Character's clan details added: {'clan': 'Sand Village'}
INFO:2023-04-05 10:12:59,344:app:Character's clan details added: {'clan': 'Sand Village'}
INFO:2023-04-05 10:12:59,344:app:Character's clan details added: {'clan': 'Sand Village'}
INFO:2023-04-05 10:12:59,344:app:Character's clan details added: {'clan': 'Sand Village'}
INFO:2023-04-05 10:12:59,344:app:Character's clan details added: {'clan': 'Sand Village'}
INFO:2023-04-05 10:12:59,344:app:Character's clan details added: {'clan': 'Sand Village'}
INFO:2023-04-05 10:12:59,344:app:Character's clan details added: {'clan': 'Sand Village'}
WARNING:2023-04-05 10:12:59,345:app:Hence Character clan details added, closing the connection
WARNING:2023-04-05 10:12:59,345:app:Hence Character clan details added, closing the connection
WARNING:2023-04-05 10:12:59,345:app:Hence Character clan details added, closing the connection
WARNING:2023-04-05 10:12:59,345:app:Hence Character clan details added, closing the connection
WARNING:2023-04-05 10:12:59,345:app:Hence Character clan details added, closing the connection
WARNING:2023-04-05 10:12:59,345:app:Hence Character clan details added, closing the connection
WARNING:2023-04-05 10:12:59,345:app:Hence Character clan details added, closing the connection
WARNING:2023-04-05 10:12:59,345:app:Hence Character clan details added, closing the connection
WARNING:2023-04-05 10:12:59,345:app:Hence Character clan details added, closing the connection
WARNING:2023-04-05 10:12:59,345:app:Hence Character clan details added, closing the connection
WARNING:2023-04-05 10:12:59,345:app:Hence Character clan details added, closing the connection
WARNING:2023-04-05 10:12:59,345:app:Hence Character clan details added, closing the connection
WARNING:2023-04-05 10:12:59,345:app:Hence Character clan details added, closing the connection
WARNING:2023-04-05 10:12:59,345:app:Hence Character clan details added, closing the connection
WARNING:2023-04-05 10:12:59,345:app:Hence Character clan details added, closing the connection
WARNING:2023-04-05 10:12:59,345:app:Hence Character clan details added, closing the connection
WARNING:2023-04-05 10:12:59,345:app:Hence Character clan details added, closing the connection
WARNING:2023-04-05 10:12:59,345:app:Hence Character clan details added, closing the connection
WARNING:2023-04-05 10:13:06,087:app:Starting the db connection to add clan
WARNING:2023-04-05 10:13:06,087:app:Starting the db connection to add clan
WARNING:2023-04-05 10:13:06,087:app:Starting the db connection to add clan
WARNING:2023-04-05 10:13:06,087:app:Starting the db connection to add clan
WARNING:2023-04-05 10:13:06,087:app:Starting the db connection to add clan
WARNING:2023-04-05 10:13:06,087:app:Starting the db connection to add clan
WARNING:2023-04-05 10:13:06,087:app:Starting the db connection to add clan
WARNING:2023-04-05 10:13:06,087:app:Starting the db connection to add clan
WARNING:2023-04-05 10:13:06,087:app:Starting the db connection to add clan
WARNING:2023-04-05 10:13:06,087:app:Starting the db connection to add clan
WARNING:2023-04-05 10:13:06,087:app:Starting the db connection to add clan
WARNING:2023-04-05 10:13:06,087:app:Starting the db connection to add clan
WARNING:2023-04-05 10:13:06,087:app:Starting the db connection to add clan
WARNING:2023-04-05 10:13:06,087:app:Starting the db connection to add clan
WARNING:2023-04-05 10:13:06,087:app:Starting the db connection to add clan
WARNING:2023-04-05 10:13:06,087:app:Starting the db connection to add clan
WARNING:2023-04-05 10:13:06,087:app:Starting the db connection to add clan
WARNING:2023-04-05 10:13:06,087:app:Starting the db connection to add clan
WARNING:2023-04-05 10:13:06,087:app:Starting the db connection to add clan
INFO:2023-04-05 10:13:06,298:app:Character's clan details added: {'clan': 'Water Village'}
INFO:2023-04-05 10:13:06,298:app:Character's clan details added: {'clan': 'Water Village'}
INFO:2023-04-05 10:13:06,298:app:Character's clan details added: {'clan': 'Water Village'}
INFO:2023-04-05 10:13:06,298:app:Character's clan details added: {'clan': 'Water Village'}
INFO:2023-04-05 10:13:06,298:app:Character's clan details added: {'clan': 'Water Village'}
INFO:2023-04-05 10:13:06,298:app:Character's clan details added: {'clan': 'Water Village'}
INFO:2023-04-05 10:13:06,298:app:Character's clan details added: {'clan': 'Water Village'}
INFO:2023-04-05 10:13:06,298:app:Character's clan details added: {'clan': 'Water Village'}
INFO:2023-04-05 10:13:06,298:app:Character's clan details added: {'clan': 'Water Village'}
INFO:2023-04-05 10:13:06,298:app:Character's clan details added: {'clan': 'Water Village'}
INFO:2023-04-05 10:13:06,298:app:Character's clan details added: {'clan': 'Water Village'}
INFO:2023-04-05 10:13:06,298:app:Character's clan details added: {'clan': 'Water Village'}
INFO:2023-04-05 10:13:06,298:app:Character's clan details added: {'clan': 'Water Village'}
INFO:2023-04-05 10:13:06,298:app:Character's clan details added: {'clan': 'Water Village'}
INFO:2023-04-05 10:13:06,298:app:Character's clan details added: {'clan': 'Water Village'}
INFO:2023-04-05 10:13:06,298:app:Character's clan details added: {'clan': 'Water Village'}
INFO:2023-04-05 10:13:06,298:app:Character's clan details added: {'clan': 'Water Village'}
INFO:2023-04-05 10:13:06,298:app:Character's clan details added: {'clan': 'Water Village'}
INFO:2023-04-05 10:13:06,298:app:Character's clan details added: {'clan': 'Water Village'}
INFO:2023-04-05 10:13:06,298:app:Character's clan details added: {'clan': 'Water Village'}
WARNING:2023-04-05 10:13:06,299:app:Hence Character clan details added, closing the connection
WARNING:2023-04-05 10:13:06,299:app:Hence Character clan details added, closing the connection
WARNING:2023-04-05 10:13:06,299:app:Hence Character clan details added, closing the connection
WARNING:2023-04-05 10:13:06,299:app:Hence Character clan details added, closing the connection
WARNING:2023-04-05 10:13:06,299:app:Hence Character clan details added, closing the connection
WARNING:2023-04-05 10:13:06,299:app:Hence Character clan details added, closing the connection
WARNING:2023-04-05 10:13:06,299:app:Hence Character clan details added, closing the connection
WARNING:2023-04-05 10:13:06,299:app:Hence Character clan details added, closing the connection
WARNING:2023-04-05 10:13:06,299:app:Hence Character clan details added, closing the connection
WARNING:2023-04-05 10:13:06,299:app:Hence Character clan details added, closing the connection
WARNING:2023-04-05 10:13:06,299:app:Hence Character clan details added, closing the connection
WARNING:2023-04-05 10:13:06,299:app:Hence Character clan details added, closing the connection
WARNING:2023-04-05 10:13:06,299:app:Hence Character clan details added, closing the connection
WARNING:2023-04-05 10:13:06,299:app:Hence Character clan details added, closing the connection
WARNING:2023-04-05 10:13:06,299:app:Hence Character clan details added, closing the connection
WARNING:2023-04-05 10:13:06,299:app:Hence Character clan details added, closing the connection
WARNING:2023-04-05 10:13:06,299:app:Hence Character clan details added, closing the connection
WARNING:2023-04-05 10:13:06,299:app:Hence Character clan details added, closing the connection
WARNING:2023-04-05 10:13:06,299:app:Hence Character clan details added, closing the connection
WARNING:2023-04-05 10:13:06,299:app:Hence Character clan details added, closing the connection
WARNING:2023-04-05 10:13:06,299:app:Hence Character clan details added, closing the connection
WARNING:2023-04-05 10:13:13,649:app:Starting the db connection to add clan
WARNING:2023-04-05 10:13:13,649:app:Starting the db connection to add clan
WARNING:2023-04-05 10:13:13,649:app:Starting the db connection to add clan
WARNING:2023-04-05 10:13:13,649:app:Starting the db connection to add clan
WARNING:2023-04-05 10:13:13,649:app:Starting the db connection to add clan
WARNING:2023-04-05 10:13:13,649:app:Starting the db connection to add clan
WARNING:2023-04-05 10:13:13,649:app:Starting the db connection to add clan
WARNING:2023-04-05 10:13:13,649:app:Starting the db connection to add clan
WARNING:2023-04-05 10:13:13,649:app:Starting the db connection to add clan
WARNING:2023-04-05 10:13:13,649:app:Starting the db connection to add clan
WARNING:2023-04-05 10:13:13,649:app:Starting the db connection to add clan
WARNING:2023-04-05 10:13:13,649:app:Starting the db connection to add clan
WARNING:2023-04-05 10:13:13,649:app:Starting the db connection to add clan
WARNING:2023-04-05 10:13:13,649:app:Starting the db connection to add clan
WARNING:2023-04-05 10:13:13,649:app:Starting the db connection to add clan
WARNING:2023-04-05 10:13:13,649:app:Starting the db connection to add clan
WARNING:2023-04-05 10:13:13,649:app:Starting the db connection to add clan
WARNING:2023-04-05 10:13:13,649:app:Starting the db connection to add clan
WARNING:2023-04-05 10:13:13,649:app:Starting the db connection to add clan
WARNING:2023-04-05 10:13:13,649:app:Starting the db connection to add clan
WARNING:2023-04-05 10:13:13,649:app:Starting the db connection to add clan
WARNING:2023-04-05 10:13:13,649:app:Starting the db connection to add clan
INFO:2023-04-05 10:13:13,841:app:Character's clan details added: {'clan': 'Forger'}
INFO:2023-04-05 10:13:13,841:app:Character's clan details added: {'clan': 'Forger'}
INFO:2023-04-05 10:13:13,841:app:Character's clan details added: {'clan': 'Forger'}
INFO:2023-04-05 10:13:13,841:app:Character's clan details added: {'clan': 'Forger'}
INFO:2023-04-05 10:13:13,841:app:Character's clan details added: {'clan': 'Forger'}
INFO:2023-04-05 10:13:13,841:app:Character's clan details added: {'clan': 'Forger'}
INFO:2023-04-05 10:13:13,841:app:Character's clan details added: {'clan': 'Forger'}
INFO:2023-04-05 10:13:13,841:app:Character's clan details added: {'clan': 'Forger'}
INFO:2023-04-05 10:13:13,841:app:Character's clan details added: {'clan': 'Forger'}
INFO:2023-04-05 10:13:13,841:app:Character's clan details added: {'clan': 'Forger'}
INFO:2023-04-05 10:13:13,841:app:Character's clan details added: {'clan': 'Forger'}
INFO:2023-04-05 10:13:13,841:app:Character's clan details added: {'clan': 'Forger'}
INFO:2023-04-05 10:13:13,841:app:Character's clan details added: {'clan': 'Forger'}
INFO:2023-04-05 10:13:13,841:app:Character's clan details added: {'clan': 'Forger'}
INFO:2023-04-05 10:13:13,841:app:Character's clan details added: {'clan': 'Forger'}
INFO:2023-04-05 10:13:13,841:app:Character's clan details added: {'clan': 'Forger'}
INFO:2023-04-05 10:13:13,841:app:Character's clan details added: {'clan': 'Forger'}
INFO:2023-04-05 10:13:13,841:app:Character's clan details added: {'clan': 'Forger'}
INFO:2023-04-05 10:13:13,841:app:Character's clan details added: {'clan': 'Forger'}
INFO:2023-04-05 10:13:13,841:app:Character's clan details added: {'clan': 'Forger'}
INFO:2023-04-05 10:13:13,841:app:Character's clan details added: {'clan': 'Forger'}
INFO:2023-04-05 10:13:13,841:app:Character's clan details added: {'clan': 'Forger'}
INFO:2023-04-05 10:13:13,841:app:Character's clan details added: {'clan': 'Forger'}
WARNING:2023-04-05 10:13:13,842:app:Hence Character clan details added, closing the connection
WARNING:2023-04-05 10:13:13,842:app:Hence Character clan details added, closing the connection
WARNING:2023-04-05 10:13:13,842:app:Hence Character clan details added, closing the connection
WARNING:2023-04-05 10:13:13,842:app:Hence Character clan details added, closing the connection
WARNING:2023-04-05 10:13:13,842:app:Hence Character clan details added, closing the connection
WARNING:2023-04-05 10:13:13,842:app:Hence Character clan details added, closing the connection
WARNING:2023-04-05 10:13:13,842:app:Hence Character clan details added, closing the connection
WARNING:2023-04-05 10:13:13,842:app:Hence Character clan details added, closing the connection
WARNING:2023-04-05 10:13:13,842:app:Hence Character clan details added, closing the connection
WARNING:2023-04-05 10:13:13,842:app:Hence Character clan details added, closing the connection
WARNING:2023-04-05 10:13:13,842:app:Hence Character clan details added, closing the connection
WARNING:2023-04-05 10:13:13,842:app:Hence Character clan details added, closing the connection
WARNING:2023-04-05 10:13:13,842:app:Hence Character clan details added, closing the connection
WARNING:2023-04-05 10:13:13,842:app:Hence Character clan details added, closing the connection
WARNING:2023-04-05 10:13:13,842:app:Hence Character clan details added, closing the connection
WARNING:2023-04-05 10:13:13,842:app:Hence Character clan details added, closing the connection
WARNING:2023-04-05 10:13:13,842:app:Hence Character clan details added, closing the connection
WARNING:2023-04-05 10:13:13,842:app:Hence Character clan details added, closing the connection
WARNING:2023-04-05 10:13:13,842:app:Hence Character clan details added, closing the connection
WARNING:2023-04-05 10:13:13,842:app:Hence Character clan details added, closing the connection
WARNING:2023-04-05 10:13:13,842:app:Hence Character clan details added, closing the connection
WARNING:2023-04-05 10:13:13,842:app:Hence Character clan details added, closing the connection
WARNING:2023-04-05 10:13:13,842:app:Hence Character clan details added, closing the connection
WARNING:2023-04-05 10:13:13,842:app:Hence Character clan details added, closing the connection
WARNING:2023-04-05 10:13:41,002:app:Starting the db connection to display characters if they belong to this clan 
WARNING:2023-04-05 10:13:41,002:app:Starting the db connection to display characters if they belong to this clan 
WARNING:2023-04-05 10:13:41,002:app:Starting the db connection to display characters if they belong to this clan 
WARNING:2023-04-05 10:13:41,002:app:Starting the db connection to display characters if they belong to this clan 
WARNING:2023-04-05 10:13:41,002:app:Starting the db connection to display characters if they belong to this clan 
WARNING:2023-04-05 10:13:41,002:app:Starting the db connection to display characters if they belong to this clan 
WARNING:2023-04-05 10:13:41,002:app:Starting the db connection to display characters if they belong to this clan 
WARNING:2023-04-05 10:13:41,002:app:Starting the db connection to display characters if they belong to this clan 
WARNING:2023-04-05 10:13:41,002:app:Starting the db connection to display characters if they belong to this clan 
WARNING:2023-04-05 10:13:41,002:app:Starting the db connection to display characters if they belong to this clan 
WARNING:2023-04-05 10:13:41,002:app:Starting the db connection to display characters if they belong to this clan 
WARNING:2023-04-05 10:13:41,002:app:Starting the db connection to display characters if they belong to this clan 
WARNING:2023-04-05 10:13:41,002:app:Starting the db connection to display characters if they belong to this clan 
WARNING:2023-04-05 10:13:41,002:app:Starting the db connection to display characters if they belong to this clan 
WARNING:2023-04-05 10:13:41,002:app:Starting the db connection to display characters if they belong to this clan 
WARNING:2023-04-05 10:13:41,002:app:Starting the db connection to display characters if they belong to this clan 
WARNING:2023-04-05 10:13:41,002:app:Starting the db connection to display characters if they belong to this clan 
WARNING:2023-04-05 10:13:41,002:app:Starting the db connection to display characters if they belong to this clan 
WARNING:2023-04-05 10:13:41,002:app:Starting the db connection to display characters if they belong to this clan 
WARNING:2023-04-05 10:13:41,002:app:Starting the db connection to display characters if they belong to this clan 
WARNING:2023-04-05 10:13:41,002:app:Starting the db connection to display characters if they belong to this clan 
WARNING:2023-04-05 10:13:41,002:app:Starting the db connection to display characters if they belong to this clan 
WARNING:2023-04-05 10:13:41,002:app:Starting the db connection to display characters if they belong to this clan 
WARNING:2023-04-05 10:13:41,002:app:Starting the db connection to display characters if they belong to this clan 
WARNING:2023-04-05 10:13:41,002:app:Starting the db connection to display characters if they belong to this clan 
INFO:2023-04-05 10:13:41,124:app:Displayed Characters belonging to Forger clan
INFO:2023-04-05 10:13:41,124:app:Displayed Characters belonging to Forger clan
INFO:2023-04-05 10:13:41,124:app:Displayed Characters belonging to Forger clan
INFO:2023-04-05 10:13:41,124:app:Displayed Characters belonging to Forger clan
INFO:2023-04-05 10:13:41,124:app:Displayed Characters belonging to Forger clan
INFO:2023-04-05 10:13:41,124:app:Displayed Characters belonging to Forger clan
INFO:2023-04-05 10:13:41,124:app:Displayed Characters belonging to Forger clan
INFO:2023-04-05 10:13:41,124:app:Displayed Characters belonging to Forger clan
INFO:2023-04-05 10:13:41,124:app:Displayed Characters belonging to Forger clan
INFO:2023-04-05 10:13:41,124:app:Displayed Characters belonging to Forger clan
INFO:2023-04-05 10:13:41,124:app:Displayed Characters belonging to Forger clan
INFO:2023-04-05 10:13:41,124:app:Displayed Characters belonging to Forger clan
INFO:2023-04-05 10:13:41,124:app:Displayed Characters belonging to Forger clan
INFO:2023-04-05 10:13:41,124:app:Displayed Characters belonging to Forger clan
INFO:2023-04-05 10:13:41,124:app:Displayed Characters belonging to Forger clan
INFO:2023-04-05 10:13:41,124:app:Displayed Characters belonging to Forger clan
INFO:2023-04-05 10:13:41,124:app:Displayed Characters belonging to Forger clan
INFO:2023-04-05 10:13:41,124:app:Displayed Characters belonging to Forger clan
INFO:2023-04-05 10:13:41,124:app:Displayed Characters belonging to Forger clan
INFO:2023-04-05 10:13:41,124:app:Displayed Characters belonging to Forger clan
INFO:2023-04-05 10:13:41,124:app:Displayed Characters belonging to Forger clan
INFO:2023-04-05 10:13:41,124:app:Displayed Characters belonging to Forger clan
INFO:2023-04-05 10:13:41,124:app:Displayed Characters belonging to Forger clan
INFO:2023-04-05 10:13:41,124:app:Displayed Characters belonging to Forger clan
INFO:2023-04-05 10:13:41,124:app:Displayed Characters belonging to Forger clan
INFO:2023-04-05 10:13:41,124:app:Displayed Characters belonging to Forger clan
WARNING:2023-04-05 10:13:41,125:app:Hence displayed characters, closing the connection
WARNING:2023-04-05 10:13:41,125:app:Hence displayed characters, closing the connection
WARNING:2023-04-05 10:13:41,125:app:Hence displayed characters, closing the connection
WARNING:2023-04-05 10:13:41,125:app:Hence displayed characters, closing the connection
WARNING:2023-04-05 10:13:41,125:app:Hence displayed characters, closing the connection
WARNING:2023-04-05 10:13:41,125:app:Hence displayed characters, closing the connection
WARNING:2023-04-05 10:13:41,125:app:Hence displayed characters, closing the connection
WARNING:2023-04-05 10:13:41,125:app:Hence displayed characters, closing the connection
WARNING:2023-04-05 10:13:41,125:app:Hence displayed characters, closing the connection
WARNING:2023-04-05 10:13:41,125:app:Hence displayed characters, closing the connection
WARNING:2023-04-05 10:13:41,125:app:Hence displayed characters, closing the connection
WARNING:2023-04-05 10:13:41,125:app:Hence displayed characters, closing the connection
WARNING:2023-04-05 10:13:41,125:app:Hence displayed characters, closing the connection
WARNING:2023-04-05 10:13:41,125:app:Hence displayed characters, closing the connection
WARNING:2023-04-05 10:13:41,125:app:Hence displayed characters, closing the connection
WARNING:2023-04-05 10:13:41,125:app:Hence displayed characters, closing the connection
WARNING:2023-04-05 10:13:41,125:app:Hence displayed characters, closing the connection
WARNING:2023-04-05 10:13:41,125:app:Hence displayed characters, closing the connection
WARNING:2023-04-05 10:13:41,125:app:Hence displayed characters, closing the connection
WARNING:2023-04-05 10:13:41,125:app:Hence displayed characters, closing the connection
WARNING:2023-04-05 10:13:41,125:app:Hence displayed characters, closing the connection
WARNING:2023-04-05 10:13:41,125:app:Hence displayed characters, closing the connection
WARNING:2023-04-05 10:13:41,125:app:Hence displayed characters, closing the connection
WARNING:2023-04-05 10:13:41,125:app:Hence displayed characters, closing the connection
WARNING:2023-04-05 10:13:41,125:app:Hence displayed characters, closing the connection
WARNING:2023-04-05 10:13:41,125:app:Hence displayed characters, closing the connection
WARNING:2023-04-05 10:13:41,125:app:Hence displayed characters, closing the connection
WARNING:2023-04-05 12:40:29,864:app:Starting the db connection to display all characters in the list
INFO:2023-04-05 12:40:30,100:app:Displayed list of all Characters in the list
INFO:2023-04-05 12:40:30,100:app:Displayed list of all Characters in the list
WARNING:2023-04-05 12:40:30,101:app:Hence account created, closing the connection
WARNING:2023-04-05 12:40:30,101:app:Hence account created, closing the connection
WARNING:2023-04-05 12:40:30,101:app:Hence account created, closing the connection
WARNING:2023-04-13 17:12:18,538:app:Starting the db connection to add credits
INFO:2023-04-13 17:12:18,707:app:('Naruto',) got None credits
INFO:2023-04-13 17:12:18,707:app:('Naruto',) got None credits
WARNING:2023-04-13 17:12:18,708:settings:Hence account created, closing the connection
WARNING:2023-04-13 17:12:34,384:app:Starting the db connection to add credits
WARNING:2023-04-13 17:12:34,384:app:Starting the db connection to add credits
WARNING:2023-04-13 17:12:34,384:app:Starting the db connection to add credits
INFO:2023-04-13 17:12:35,096:app:('Naruto',) got None credits
INFO:2023-04-13 17:12:35,096:app:('Naruto',) got None credits
INFO:2023-04-13 17:12:35,096:app:('Naruto',) got None credits
INFO:2023-04-13 17:12:35,096:app:('Naruto',) got None credits
WARNING:2023-04-13 17:12:35,097:settings:Hence account created, closing the connection
WARNING:2023-04-13 17:12:35,097:settings:Hence account created, closing the connection
WARNING:2023-04-13 17:16:15,246:app:Starting the db connection to add credits
WARNING:2023-04-13 17:16:15,246:app:Starting the db connection to add credits
WARNING:2023-04-13 17:16:15,246:app:Starting the db connection to add credits
WARNING:2023-04-13 17:16:15,246:app:Starting the db connection to add credits
WARNING:2023-04-13 17:16:15,246:app:Starting the db connection to add credits
INFO:2023-04-13 17:16:15,430:app:('Naruto',) got 200 credits
INFO:2023-04-13 17:16:15,430:app:('Naruto',) got 200 credits
INFO:2023-04-13 17:16:15,430:app:('Naruto',) got 200 credits
INFO:2023-04-13 17:16:15,430:app:('Naruto',) got 200 credits
INFO:2023-04-13 17:16:15,430:app:('Naruto',) got 200 credits
INFO:2023-04-13 17:16:15,430:app:('Naruto',) got 200 credits
WARNING:2023-04-13 17:16:15,431:settings:Hence account created, closing the connection
WARNING:2023-04-13 17:16:15,431:settings:Hence account created, closing the connection
WARNING:2023-04-13 17:16:15,431:settings:Hence account created, closing the connection
WARNING:2023-04-13 17:16:24,193:app:Starting the db connection to add credits
INFO:2023-04-13 17:16:24,376:app:Naruto got 200 credits
INFO:2023-04-13 17:16:24,376:app:Naruto got 200 credits
WARNING:2023-04-13 17:16:24,377:settings:Hence account created, closing the connection
WARNING:2023-04-13 17:16:39,993:app:Starting the db connection to add credits
WARNING:2023-04-13 17:16:39,993:app:Starting the db connection to add credits
WARNING:2023-04-13 17:16:39,993:app:Starting the db connection to add credits
INFO:2023-04-13 17:16:40,158:app:Hinata got 260 credits
INFO:2023-04-13 17:16:40,158:app:Hinata got 260 credits
INFO:2023-04-13 17:16:40,158:app:Hinata got 260 credits
INFO:2023-04-13 17:16:40,158:app:Hinata got 260 credits
WARNING:2023-04-13 17:16:40,159:settings:Hence account created, closing the connection
WARNING:2023-04-13 17:16:40,159:settings:Hence account created, closing the connection
WARNING:2023-04-13 17:16:46,725:app:Starting the db connection to add credits
WARNING:2023-04-13 17:16:46,725:app:Starting the db connection to add credits
WARNING:2023-04-13 17:16:46,725:app:Starting the db connection to add credits
WARNING:2023-04-13 17:16:46,725:app:Starting the db connection to add credits
WARNING:2023-04-13 17:16:46,725:app:Starting the db connection to add credits
INFO:2023-04-13 17:16:46,893:app:Akamaru got 120 credits
INFO:2023-04-13 17:16:46,893:app:Akamaru got 120 credits
INFO:2023-04-13 17:16:46,893:app:Akamaru got 120 credits
INFO:2023-04-13 17:16:46,893:app:Akamaru got 120 credits
INFO:2023-04-13 17:16:46,893:app:Akamaru got 120 credits
INFO:2023-04-13 17:16:46,893:app:Akamaru got 120 credits
WARNING:2023-04-13 17:16:46,893:settings:Hence account created, closing the connection
WARNING:2023-04-13 17:16:46,893:settings:Hence account created, closing the connection
WARNING:2023-04-13 17:16:46,893:settings:Hence account created, closing the connection
WARNING:2023-04-13 17:16:53,606:app:Starting the db connection to add credits
WARNING:2023-04-13 17:16:53,606:app:Starting the db connection to add credits
WARNING:2023-04-13 17:16:53,606:app:Starting the db connection to add credits
WARNING:2023-04-13 17:16:53,606:app:Starting the db connection to add credits
WARNING:2023-04-13 17:16:53,606:app:Starting the db connection to add credits
WARNING:2023-04-13 17:16:53,606:app:Starting the db connection to add credits
WARNING:2023-04-13 17:16:53,606:app:Starting the db connection to add credits
INFO:2023-04-13 17:16:54,216:app:Anya got 300 credits
INFO:2023-04-13 17:16:54,216:app:Anya got 300 credits
INFO:2023-04-13 17:16:54,216:app:Anya got 300 credits
INFO:2023-04-13 17:16:54,216:app:Anya got 300 credits
INFO:2023-04-13 17:16:54,216:app:Anya got 300 credits
INFO:2023-04-13 17:16:54,216:app:Anya got 300 credits
INFO:2023-04-13 17:16:54,216:app:Anya got 300 credits
INFO:2023-04-13 17:16:54,216:app:Anya got 300 credits
WARNING:2023-04-13 17:16:54,217:settings:Hence account created, closing the connection
WARNING:2023-04-13 17:16:54,217:settings:Hence account created, closing the connection
WARNING:2023-04-13 17:16:54,217:settings:Hence account created, closing the connection
WARNING:2023-04-13 17:16:54,217:settings:Hence account created, closing the connection
WARNING:2023-04-13 17:20:40,361:app:Starting the db connection to search stocks
WARNING:2023-04-13 17:20:40,603:settings:Hence account created, closing the connection
ERROR:2023-04-13 17:20:40,603:app:Exception on /characters/search/Anya [GET]
Traceback (most recent call last):
  File "/home/bc2113451/Desktop/VS Code/Oops/Game/settings.py", line 31, in wrapper
    return func(*args, **kwargs)
  File "/home/bc2113451/Desktop/VS Code/Oops/Game/app.py", line 190, in search_character
    cur.execute(show_query, (character,))
psycopg2.errors.UndefinedColumn: column "character" does not exist
LINE 1: SELECT character FROM watchlist WHERE character = 'Anya';
               ^


During handling of the above exception, another exception occurred:

Traceback (most recent call last):
  File "/home/bc2113451/Desktop/VS Code/Oops/.venv/lib/python3.8/site-packages/flask/app.py", line 2528, in wsgi_app
    response = self.full_dispatch_request()
  File "/home/bc2113451/Desktop/VS Code/Oops/.venv/lib/python3.8/site-packages/flask/app.py", line 1825, in full_dispatch_request
    rv = self.handle_user_exception(e)
  File "/home/bc2113451/Desktop/VS Code/Oops/.venv/lib/python3.8/site-packages/flask/app.py", line 1823, in full_dispatch_request
    rv = self.dispatch_request()
  File "/home/bc2113451/Desktop/VS Code/Oops/.venv/lib/python3.8/site-packages/flask/app.py", line 1799, in dispatch_request
    return self.ensure_sync(self.view_functions[rule.endpoint])(**view_args)
  File "/home/bc2113451/Desktop/VS Code/Oops/Game/settings.py", line 32, in wrapper
    except psycopg2.Error as error:
NameError: name 'psycopg2' is not defined
WARNING:2023-04-13 17:21:24,101:app:Starting the db connection to search stocks
INFO:2023-04-13 17:21:24,226:app:Anya found in the table
INFO:2023-04-13 17:21:24,226:app:Anya found in the table
WARNING:2023-04-13 17:21:24,227:settings:Hence account created, closing the connection
WARNING:2023-04-13 17:21:59,301:app:Starting the db connection to search stocks
WARNING:2023-04-13 17:21:59,301:app:Starting the db connection to search stocks
WARNING:2023-04-13 17:21:59,301:app:Starting the db connection to search stocks
INFO:2023-04-13 17:21:59,423:app:Anya found in the table
INFO:2023-04-13 17:21:59,423:app:Anya found in the table
INFO:2023-04-13 17:21:59,423:app:Anya found in the table
INFO:2023-04-13 17:21:59,423:app:Anya found in the table
WARNING:2023-04-13 17:21:59,423:settings:Hence account created, closing the connection
WARNING:2023-04-13 17:21:59,423:settings:Hence account created, closing the connection
WARNING:2023-04-13 17:22:41,794:app:Starting the db connection to search stocks
INFO:2023-04-13 17:22:41,916:app:Anya found in the table
INFO:2023-04-13 17:22:41,916:app:Anya found in the table
WARNING:2023-04-13 17:22:41,917:settings:Hence account created, closing the connection
WARNING:2023-04-13 17:22:50,845:app:Starting the db connection to search stocks
WARNING:2023-04-13 17:22:50,845:app:Starting the db connection to search stocks
WARNING:2023-04-13 17:22:50,845:app:Starting the db connection to search stocks
INFO:2023-04-13 17:22:50,971:app:Naruto found in the table
INFO:2023-04-13 17:22:50,971:app:Naruto found in the table
INFO:2023-04-13 17:22:50,971:app:Naruto found in the table
INFO:2023-04-13 17:22:50,971:app:Naruto found in the table
WARNING:2023-04-13 17:22:50,972:settings:Hence account created, closing the connection
WARNING:2023-04-13 17:22:50,972:settings:Hence account created, closing the connection
WARNING:2023-04-13 17:22:57,009:app:Starting the db connection to search stocks
WARNING:2023-04-13 17:22:57,009:app:Starting the db connection to search stocks
WARNING:2023-04-13 17:22:57,009:app:Starting the db connection to search stocks
WARNING:2023-04-13 17:22:57,009:app:Starting the db connection to search stocks
WARNING:2023-04-13 17:22:57,009:app:Starting the db connection to search stocks
INFO:2023-04-13 17:22:57,127:app:Hinata found in the table
INFO:2023-04-13 17:22:57,127:app:Hinata found in the table
INFO:2023-04-13 17:22:57,127:app:Hinata found in the table
INFO:2023-04-13 17:22:57,127:app:Hinata found in the table
INFO:2023-04-13 17:22:57,127:app:Hinata found in the table
INFO:2023-04-13 17:22:57,127:app:Hinata found in the table
WARNING:2023-04-13 17:22:57,128:settings:Hence account created, closing the connection
WARNING:2023-04-13 17:22:57,128:settings:Hence account created, closing the connection
WARNING:2023-04-13 17:22:57,128:settings:Hence account created, closing the connection
WARNING:2023-04-14 12:04:54,623:app:Starting the db connection to add achievements
WARNING:2023-04-14 12:04:54,854:settings:Hence account created, closing the connection
ERROR:2023-04-14 12:04:54,855:app:Exception on /characters/achievements/1 [PUT]
Traceback (most recent call last):
  File "/home/bc2113451/Desktop/VS Code/Oops/.venv/lib/python3.8/site-packages/flask/wrappers.py", line 128, in on_json_loading_failed
    return super().on_json_loading_failed(e)
  File "/home/bc2113451/Desktop/VS Code/Oops/.venv/lib/python3.8/site-packages/werkzeug/wrappers/request.py", line 631, in on_json_loading_failed
    raise BadRequest(
werkzeug.exceptions.BadRequest: 400 Bad Request: Did not attempt to load JSON data because the request Content-Type was not 'application/json'.

The above exception was the direct cause of the following exception:

Traceback (most recent call last):
  File "/home/bc2113451/Desktop/VS Code/Oops/Game/settings.py", line 31, in wrapper
    return func(*args, **kwargs)
  File "/home/bc2113451/Desktop/VS Code/Oops/Game/app.py", line 216, in adding_achievements
    data = request.get_json()
  File "/home/bc2113451/Desktop/VS Code/Oops/.venv/lib/python3.8/site-packages/werkzeug/wrappers/request.py", line 591, in get_json
    return self.on_json_loading_failed(None)
  File "/home/bc2113451/Desktop/VS Code/Oops/.venv/lib/python3.8/site-packages/flask/wrappers.py", line 133, in on_json_loading_failed
    raise BadRequest() from e
werkzeug.exceptions.BadRequest: 400 Bad Request: The browser (or proxy) sent a request that this server could not understand.

During handling of the above exception, another exception occurred:

Traceback (most recent call last):
  File "/home/bc2113451/Desktop/VS Code/Oops/.venv/lib/python3.8/site-packages/flask/app.py", line 2528, in wsgi_app
    response = self.full_dispatch_request()
  File "/home/bc2113451/Desktop/VS Code/Oops/.venv/lib/python3.8/site-packages/flask/app.py", line 1825, in full_dispatch_request
    rv = self.handle_user_exception(e)
  File "/home/bc2113451/Desktop/VS Code/Oops/.venv/lib/python3.8/site-packages/flask/app.py", line 1823, in full_dispatch_request
    rv = self.dispatch_request()
  File "/home/bc2113451/Desktop/VS Code/Oops/.venv/lib/python3.8/site-packages/flask/app.py", line 1799, in dispatch_request
    return self.ensure_sync(self.view_functions[rule.endpoint])(**view_args)
  File "/home/bc2113451/Desktop/VS Code/Oops/Game/settings.py", line 32, in wrapper
    except psycopg2.Error as error:
NameError: name 'psycopg2' is not defined
WARNING:2023-04-14 12:06:01,449:app:Starting the db connection to add achievements
WARNING:2023-04-14 12:06:01,449:app:Starting the db connection to add achievements
WARNING:2023-04-14 12:06:01,730:settings:Hence account created, closing the connection
WARNING:2023-04-14 12:06:01,730:settings:Hence account created, closing the connection
ERROR:2023-04-14 12:06:01,730:app:Exception on /characters/achievements/1 [PUT]
Traceback (most recent call last):
  File "/home/bc2113451/Desktop/VS Code/Oops/.venv/lib/python3.8/site-packages/flask/wrappers.py", line 128, in on_json_loading_failed
    return super().on_json_loading_failed(e)
  File "/home/bc2113451/Desktop/VS Code/Oops/.venv/lib/python3.8/site-packages/werkzeug/wrappers/request.py", line 631, in on_json_loading_failed
    raise BadRequest(
werkzeug.exceptions.BadRequest: 400 Bad Request: Did not attempt to load JSON data because the request Content-Type was not 'application/json'.

The above exception was the direct cause of the following exception:

Traceback (most recent call last):
  File "/home/bc2113451/Desktop/VS Code/Oops/Game/settings.py", line 31, in wrapper
    return func(*args, **kwargs)
  File "/home/bc2113451/Desktop/VS Code/Oops/Game/app.py", line 216, in adding_achievements
    data = request.get_json()
  File "/home/bc2113451/Desktop/VS Code/Oops/.venv/lib/python3.8/site-packages/werkzeug/wrappers/request.py", line 591, in get_json
    return self.on_json_loading_failed(None)
  File "/home/bc2113451/Desktop/VS Code/Oops/.venv/lib/python3.8/site-packages/flask/wrappers.py", line 133, in on_json_loading_failed
    raise BadRequest() from e
werkzeug.exceptions.BadRequest: 400 Bad Request: The browser (or proxy) sent a request that this server could not understand.

During handling of the above exception, another exception occurred:

Traceback (most recent call last):
  File "/home/bc2113451/Desktop/VS Code/Oops/.venv/lib/python3.8/site-packages/flask/app.py", line 2528, in wsgi_app
    response = self.full_dispatch_request()
  File "/home/bc2113451/Desktop/VS Code/Oops/.venv/lib/python3.8/site-packages/flask/app.py", line 1825, in full_dispatch_request
    rv = self.handle_user_exception(e)
  File "/home/bc2113451/Desktop/VS Code/Oops/.venv/lib/python3.8/site-packages/flask/app.py", line 1823, in full_dispatch_request
    rv = self.dispatch_request()
  File "/home/bc2113451/Desktop/VS Code/Oops/.venv/lib/python3.8/site-packages/flask/app.py", line 1799, in dispatch_request
    return self.ensure_sync(self.view_functions[rule.endpoint])(**view_args)
  File "/home/bc2113451/Desktop/VS Code/Oops/Game/settings.py", line 32, in wrapper
    except psycopg2.Error as error:
NameError: name 'psycopg2' is not defined
ERROR:2023-04-14 12:06:01,730:app:Exception on /characters/achievements/1 [PUT]
Traceback (most recent call last):
  File "/home/bc2113451/Desktop/VS Code/Oops/.venv/lib/python3.8/site-packages/flask/wrappers.py", line 128, in on_json_loading_failed
    return super().on_json_loading_failed(e)
  File "/home/bc2113451/Desktop/VS Code/Oops/.venv/lib/python3.8/site-packages/werkzeug/wrappers/request.py", line 631, in on_json_loading_failed
    raise BadRequest(
werkzeug.exceptions.BadRequest: 400 Bad Request: Did not attempt to load JSON data because the request Content-Type was not 'application/json'.

The above exception was the direct cause of the following exception:

Traceback (most recent call last):
  File "/home/bc2113451/Desktop/VS Code/Oops/Game/settings.py", line 31, in wrapper
    return func(*args, **kwargs)
  File "/home/bc2113451/Desktop/VS Code/Oops/Game/app.py", line 216, in adding_achievements
    data = request.get_json()
  File "/home/bc2113451/Desktop/VS Code/Oops/.venv/lib/python3.8/site-packages/werkzeug/wrappers/request.py", line 591, in get_json
    return self.on_json_loading_failed(None)
  File "/home/bc2113451/Desktop/VS Code/Oops/.venv/lib/python3.8/site-packages/flask/wrappers.py", line 133, in on_json_loading_failed
    raise BadRequest() from e
werkzeug.exceptions.BadRequest: 400 Bad Request: The browser (or proxy) sent a request that this server could not understand.

During handling of the above exception, another exception occurred:

Traceback (most recent call last):
  File "/home/bc2113451/Desktop/VS Code/Oops/.venv/lib/python3.8/site-packages/flask/app.py", line 2528, in wsgi_app
    response = self.full_dispatch_request()
  File "/home/bc2113451/Desktop/VS Code/Oops/.venv/lib/python3.8/site-packages/flask/app.py", line 1825, in full_dispatch_request
    rv = self.handle_user_exception(e)
  File "/home/bc2113451/Desktop/VS Code/Oops/.venv/lib/python3.8/site-packages/flask/app.py", line 1823, in full_dispatch_request
    rv = self.dispatch_request()
  File "/home/bc2113451/Desktop/VS Code/Oops/.venv/lib/python3.8/site-packages/flask/app.py", line 1799, in dispatch_request
    return self.ensure_sync(self.view_functions[rule.endpoint])(**view_args)
  File "/home/bc2113451/Desktop/VS Code/Oops/Game/settings.py", line 32, in wrapper
    except psycopg2.Error as error:
NameError: name 'psycopg2' is not defined
WARNING:2023-04-14 12:06:11,291:app:Starting the db connection to add achievements
WARNING:2023-04-14 12:06:11,653:settings:Hence account created, closing the connection
ERROR:2023-04-14 12:06:11,653:app:Exception on /characters/achievements/1 [PUT]
Traceback (most recent call last):
  File "/home/bc2113451/Desktop/VS Code/Oops/.venv/lib/python3.8/site-packages/flask/wrappers.py", line 128, in on_json_loading_failed
    return super().on_json_loading_failed(e)
  File "/home/bc2113451/Desktop/VS Code/Oops/.venv/lib/python3.8/site-packages/werkzeug/wrappers/request.py", line 631, in on_json_loading_failed
    raise BadRequest(
werkzeug.exceptions.BadRequest: 400 Bad Request: Did not attempt to load JSON data because the request Content-Type was not 'application/json'.

The above exception was the direct cause of the following exception:

Traceback (most recent call last):
  File "/home/bc2113451/Desktop/VS Code/Oops/Game/settings.py", line 31, in wrapper
    return func(*args, **kwargs)
  File "/home/bc2113451/Desktop/VS Code/Oops/Game/app.py", line 216, in adding_achievements
    data = request.get_json()
  File "/home/bc2113451/Desktop/VS Code/Oops/.venv/lib/python3.8/site-packages/werkzeug/wrappers/request.py", line 591, in get_json
    return self.on_json_loading_failed(None)
  File "/home/bc2113451/Desktop/VS Code/Oops/.venv/lib/python3.8/site-packages/flask/wrappers.py", line 133, in on_json_loading_failed
    raise BadRequest() from e
werkzeug.exceptions.BadRequest: 400 Bad Request: The browser (or proxy) sent a request that this server could not understand.

During handling of the above exception, another exception occurred:

Traceback (most recent call last):
  File "/home/bc2113451/Desktop/VS Code/Oops/.venv/lib/python3.8/site-packages/flask/app.py", line 2528, in wsgi_app
    response = self.full_dispatch_request()
  File "/home/bc2113451/Desktop/VS Code/Oops/.venv/lib/python3.8/site-packages/flask/app.py", line 1825, in full_dispatch_request
    rv = self.handle_user_exception(e)
  File "/home/bc2113451/Desktop/VS Code/Oops/.venv/lib/python3.8/site-packages/flask/app.py", line 1823, in full_dispatch_request
    rv = self.dispatch_request()
  File "/home/bc2113451/Desktop/VS Code/Oops/.venv/lib/python3.8/site-packages/flask/app.py", line 1799, in dispatch_request
    return self.ensure_sync(self.view_functions[rule.endpoint])(**view_args)
  File "/home/bc2113451/Desktop/VS Code/Oops/Game/settings.py", line 32, in wrapper
    except psycopg2.Error as error:
NameError: name 'psycopg2' is not defined
WARNING:2023-04-14 12:06:53,363:app:Starting the db connection to add achievements
WARNING:2023-04-14 12:06:53,564:settings:Hence account created, closing the connection
ERROR:2023-04-14 12:06:53,565:app:Exception on /characters/achievements/1 [PUT]
Traceback (most recent call last):
  File "/home/bc2113451/Desktop/VS Code/Oops/.venv/lib/python3.8/site-packages/flask/wrappers.py", line 128, in on_json_loading_failed
    return super().on_json_loading_failed(e)
  File "/home/bc2113451/Desktop/VS Code/Oops/.venv/lib/python3.8/site-packages/werkzeug/wrappers/request.py", line 631, in on_json_loading_failed
    raise BadRequest(
werkzeug.exceptions.BadRequest: 400 Bad Request: Did not attempt to load JSON data because the request Content-Type was not 'application/json'.

The above exception was the direct cause of the following exception:

Traceback (most recent call last):
  File "/home/bc2113451/Desktop/VS Code/Oops/Game/settings.py", line 31, in wrapper
    return func(*args, **kwargs)
  File "/home/bc2113451/Desktop/VS Code/Oops/Game/app.py", line 216, in adding_achievements
    data = request.get_json()
  File "/home/bc2113451/Desktop/VS Code/Oops/.venv/lib/python3.8/site-packages/werkzeug/wrappers/request.py", line 591, in get_json
    return self.on_json_loading_failed(None)
  File "/home/bc2113451/Desktop/VS Code/Oops/.venv/lib/python3.8/site-packages/flask/wrappers.py", line 133, in on_json_loading_failed
    raise BadRequest() from e
werkzeug.exceptions.BadRequest: 400 Bad Request: The browser (or proxy) sent a request that this server could not understand.

During handling of the above exception, another exception occurred:

Traceback (most recent call last):
  File "/home/bc2113451/Desktop/VS Code/Oops/.venv/lib/python3.8/site-packages/flask/app.py", line 2528, in wsgi_app
    response = self.full_dispatch_request()
  File "/home/bc2113451/Desktop/VS Code/Oops/.venv/lib/python3.8/site-packages/flask/app.py", line 1825, in full_dispatch_request
    rv = self.handle_user_exception(e)
  File "/home/bc2113451/Desktop/VS Code/Oops/.venv/lib/python3.8/site-packages/flask/app.py", line 1823, in full_dispatch_request
    rv = self.dispatch_request()
  File "/home/bc2113451/Desktop/VS Code/Oops/.venv/lib/python3.8/site-packages/flask/app.py", line 1799, in dispatch_request
    return self.ensure_sync(self.view_functions[rule.endpoint])(**view_args)
  File "/home/bc2113451/Desktop/VS Code/Oops/Game/settings.py", line 32, in wrapper
    except psycopg2.Error as error:
NameError: name 'psycopg2' is not defined
WARNING:2023-04-14 12:08:17,476:app:Starting the db connection to add achievements
WARNING:2023-04-14 12:08:17,476:app:Starting the db connection to add achievements
INFO:2023-04-14 12:08:17,776:app:Naruto got achievements of Kumaro, 6 Acient technique
INFO:2023-04-14 12:08:17,776:app:Naruto got achievements of Kumaro, 6 Acient technique
INFO:2023-04-14 12:08:17,776:app:Naruto got achievements of Kumaro, 6 Acient technique
WARNING:2023-04-14 12:08:17,776:settings:Hence account created, closing the connection
WARNING:2023-04-14 12:08:17,776:settings:Hence account created, closing the connection
WARNING:2023-04-14 12:09:16,879:app:Starting the db connection to add achievements
WARNING:2023-04-14 12:09:16,879:app:Starting the db connection to add achievements
WARNING:2023-04-14 12:09:16,879:app:Starting the db connection to add achievements
WARNING:2023-04-14 12:09:16,879:app:Starting the db connection to add achievements
INFO:2023-04-14 12:09:17,266:app:Hinata got achievements of Naruto's love, Byakungan
INFO:2023-04-14 12:09:17,266:app:Hinata got achievements of Naruto's love, Byakungan
INFO:2023-04-14 12:09:17,266:app:Hinata got achievements of Naruto's love, Byakungan
INFO:2023-04-14 12:09:17,266:app:Hinata got achievements of Naruto's love, Byakungan
INFO:2023-04-14 12:09:17,266:app:Hinata got achievements of Naruto's love, Byakungan
WARNING:2023-04-14 12:09:17,267:settings:Hence account created, closing the connection
WARNING:2023-04-14 12:09:17,267:settings:Hence account created, closing the connection
WARNING:2023-04-14 12:09:17,267:settings:Hence account created, closing the connection
WARNING:2023-04-14 12:13:20,005:app:Starting the db connection to add achievements
WARNING:2023-04-14 12:13:20,005:app:Starting the db connection to add achievements
WARNING:2023-04-14 12:13:20,005:app:Starting the db connection to add achievements
WARNING:2023-04-14 12:13:20,005:app:Starting the db connection to add achievements
WARNING:2023-04-14 12:13:20,005:app:Starting the db connection to add achievements
WARNING:2023-04-14 12:13:20,005:app:Starting the db connection to add achievements
INFO:2023-04-14 12:13:20,334:app:Akamaru got achievements of Shikamaru, Multi-attacks
INFO:2023-04-14 12:13:20,334:app:Akamaru got achievements of Shikamaru, Multi-attacks
INFO:2023-04-14 12:13:20,334:app:Akamaru got achievements of Shikamaru, Multi-attacks
INFO:2023-04-14 12:13:20,334:app:Akamaru got achievements of Shikamaru, Multi-attacks
INFO:2023-04-14 12:13:20,334:app:Akamaru got achievements of Shikamaru, Multi-attacks
INFO:2023-04-14 12:13:20,334:app:Akamaru got achievements of Shikamaru, Multi-attacks
INFO:2023-04-14 12:13:20,334:app:Akamaru got achievements of Shikamaru, Multi-attacks
WARNING:2023-04-14 12:13:20,335:settings:Hence account created, closing the connection
WARNING:2023-04-14 12:13:20,335:settings:Hence account created, closing the connection
WARNING:2023-04-14 12:13:20,335:settings:Hence account created, closing the connection
WARNING:2023-04-14 12:13:20,335:settings:Hence account created, closing the connection
WARNING:2023-04-14 12:13:29,510:app:Starting the db connection to add achievements
WARNING:2023-04-14 12:13:29,510:app:Starting the db connection to add achievements
WARNING:2023-04-14 12:13:29,510:app:Starting the db connection to add achievements
WARNING:2023-04-14 12:13:29,510:app:Starting the db connection to add achievements
WARNING:2023-04-14 12:13:29,510:app:Starting the db connection to add achievements
WARNING:2023-04-14 12:13:29,510:app:Starting the db connection to add achievements
WARNING:2023-04-14 12:13:29,510:app:Starting the db connection to add achievements
WARNING:2023-04-14 12:13:29,510:app:Starting the db connection to add achievements
INFO:2023-04-14 12:13:29,777:app:Anya got achievements of Psychic, Detective Dad, Secret-Agent Mom
INFO:2023-04-14 12:13:29,777:app:Anya got achievements of Psychic, Detective Dad, Secret-Agent Mom
INFO:2023-04-14 12:13:29,777:app:Anya got achievements of Psychic, Detective Dad, Secret-Agent Mom
INFO:2023-04-14 12:13:29,777:app:Anya got achievements of Psychic, Detective Dad, Secret-Agent Mom
INFO:2023-04-14 12:13:29,777:app:Anya got achievements of Psychic, Detective Dad, Secret-Agent Mom
INFO:2023-04-14 12:13:29,777:app:Anya got achievements of Psychic, Detective Dad, Secret-Agent Mom
INFO:2023-04-14 12:13:29,777:app:Anya got achievements of Psychic, Detective Dad, Secret-Agent Mom
INFO:2023-04-14 12:13:29,777:app:Anya got achievements of Psychic, Detective Dad, Secret-Agent Mom
INFO:2023-04-14 12:13:29,777:app:Anya got achievements of Psychic, Detective Dad, Secret-Agent Mom
WARNING:2023-04-14 12:13:29,778:settings:Hence account created, closing the connection
WARNING:2023-04-14 12:13:29,778:settings:Hence account created, closing the connection
WARNING:2023-04-14 12:13:29,778:settings:Hence account created, closing the connection
WARNING:2023-04-14 12:13:29,778:settings:Hence account created, closing the connection
WARNING:2023-04-14 12:13:29,778:settings:Hence account created, closing the connection
